<?xml version="1.0" encoding="UTF-8" ?>
<testsuite errors="0" failures="0" hostname="dac-17" name="regexp.NFATest" tests="7" time="0.102" timestamp="2010-10-11T14:18:03">
  <properties>
[...]
</properties>
  <testcase classname="regexp.NFATest" name="testNFASimulationOnlyConcatenation" time="0.01" />
  <testcase classname="regexp.NFATest" name="testNFASimulationOnlyAlternation" time="0.0010" />
  <testcase classname="regexp.NFATest" name="testNFASimulationConcatenationAndAlternation" time="0.0010" />
  <testcase classname="regexp.NFATest" name="testNFASimulationConcatenationAlternationAndParenthesis" time="0.0020" />
  <testcase classname="regexp.NFATest" name="testNFASimulationStar" time="0.0010" />
  <testcase classname="regexp.NFATest" name="testNFASimulationStarAndConcatenation" time="0.0010" />
  <testcase classname="regexp.NFATest" name="testNFASimulationStarAlternationConcatenationAndParenthesis" time="0.0010" />
  <system-out><![CDATA[]]></system-out>
  <system-err><![CDATA[]]></system-err>
</testsuite>
